TN:
SF:01-requestcount.js
FNF:0
FNH:0
DA:1,1
DA:2,1
DA:3,1
DA:4,1
DA:5,1
DA:6,1
DA:7,1
DA:8,1
DA:9,1
DA:10,1
DA:11,1
DA:12,1
DA:13,1
DA:14,1
DA:15,12
DA:16,12
DA:17,1
DA:18,1
DA:19,1
DA:20,10
DA:21,10
DA:22,1
DA:23,1
DA:24,1
DA:25,0
DA:26,0
DA:27,1
DA:28,1
DA:29,1
DA:30,2
DA:31,2
DA:32,1
DA:33,1
DA:34,1
DA:35,1
DA:36,1
DA:37,1
DA:38,1
LF:38
LH:36
BRDA:14,0,0,12
BRDA:19,1,0,10
BRDA:29,2,0,2
BRDA:34,3,0,1
BRF:4
BRH:4
end_of_record
TN:
SF:02-ratelimitter.js
FNF:0
FNH:0
DA:1,1
DA:2,1
DA:3,1
DA:4,1
DA:5,1
DA:6,1
DA:7,1
DA:8,1
DA:9,1
DA:10,1
DA:11,1
DA:12,1
DA:13,1
DA:14,1
DA:15,1
DA:16,13
DA:17,13
DA:18,2
DA:19,13
DA:20,11
DA:21,11
DA:22,13
DA:23,7
DA:24,13
DA:25,6
DA:26,6
DA:27,13
DA:28,1
DA:29,1
DA:30,1
DA:31,1
DA:32,2
DA:33,1
DA:34,1
DA:35,1
DA:36,6
DA:37,1
DA:38,1
DA:39,1
DA:40,0
DA:41,1
DA:42,1
DA:43,1
DA:44,1
DA:45,1
DA:46,1
DA:47,1
LF:47
LH:46
BRDA:15,0,0,13
BRDA:17,1,0,2
BRDA:19,2,0,11
BRDA:22,3,0,7
BRDA:24,4,0,6
BRDA:31,5,0,2
BRDA:35,6,0,6
BRF:7
BRH:7
end_of_record
TN:
SF:03-errorcount.js
FNF:0
FNH:0
DA:1,1
DA:2,1
DA:3,1
DA:4,1
DA:5,1
DA:6,1
DA:7,1
DA:8,1
DA:9,1
DA:10,1
DA:11,1
DA:12,1
DA:13,1
DA:14,1
DA:15,1
DA:16,11
DA:17,11
DA:18,11
DA:19,1
DA:20,1
DA:21,1
DA:22,0
DA:23,1
DA:24,1
DA:25,1
DA:26,2
DA:27,1
DA:28,1
DA:29,1
DA:30,1
DA:31,1
DA:32,1
DA:33,1
DA:34,1
DA:35,11
DA:36,11
DA:37,11
DA:38,11
DA:39,1
DA:40,1
LF:40
LH:39
BRDA:15,0,0,11
BRDA:25,1,0,2
BRDA:34,2,0,11
BRF:3
BRH:3
end_of_record
